<?xml version="1.0" encoding="UTF-8" ?>
<testsuites disabled="0" errors="0" failures="0" tests="32" time="21.238">
 <testsuite name="Homepage Test suite" timestamp="2018-11-09T18:12:13" hostname="localhost" time="5.388" errors="0" tests="4" skipped="0" disabled="0" failures="0">
  <testcase classname="Homepage Test suite" name="To Validate title of homepage" time="0.575" />
  <testcase classname="Homepage Test suite" name="To Validate Current URL of homepage" time="0.041" />
  <testcase classname="Homepage Test suite" name="To validate page heading" time="0.583" />
  <testcase classname="Homepage Test suite" name="To validate the prescence of Buttons on homepage" time="0.191" />
 </testsuite>
 <testsuite name="Add customer Test suite" timestamp="2018-11-09T18:12:19" hostname="localhost" time="2.627" errors="0" tests="6" skipped="0" disabled="0" failures="0">
  <testcase classname="Add customer Test suite" name="To validate navigation to manager page" time="0.168" />
  <testcase classname="Add customer Test suite" name="To validate buttons on manager page" time="0.143" />
  <testcase classname="Add customer Test suite" name="To validate navigation to add customer page" time="0.151" />
  <testcase classname="Add customer Test suite" name="To Validate entering of valid data" time="0.486" />
  <testcase classname="Add customer Test suite" name="To validate submission of data" time="0.018" />
  <testcase classname="Add customer Test suite" name="To validate handling of success alert upon customer addition" time="1.017" />
 </testsuite>
 <testsuite name="Open account Test suite" timestamp="2018-11-09T18:12:21" hostname="localhost" time="3.16" errors="0" tests="5" skipped="0" disabled="0" failures="0">
  <testcase classname="Open account Test suite" name="To validate navigation to manager page" time="0.195" />
  <testcase classname="Open account Test suite" name="To validate buttons on manager page" time="0.048" />
  <testcase classname="Open account Test suite" name="To validate navigation to openaccount page" time="0.155" />
  <testcase classname="Open account Test suite" name="To validate selection of valid data" time="1.006" />
  <testcase classname="Open account Test suite" name="To validate submission of data on Open account page" time="1.123" />
 </testsuite>
 <testsuite name="Customer login test suite" timestamp="2018-11-09T18:12:24" hostname="localhost" time="6.305" errors="0" tests="4" skipped="0" disabled="0" failures="0">
  <testcase classname="Customer login test suite" name="To validate navigation to customer login page" time="0.145" />
  <testcase classname="Customer login test suite" name="To validate customer login page URL" time="0.136" />
  <testcase classname="Customer login test suite" name="To choose customer name from list" time="0.363" />
  <testcase classname="Customer login test suite" name="To validate customer login functionality" time="5.096" />
 </testsuite>
 <testsuite name="Customer operations Test suite" timestamp="2018-11-09T18:12:31" hostname="localhost" time="1.646" errors="0" tests="5" skipped="0" disabled="0" failures="0">
  <testcase classname="Customer operations Test suite" name="To validate Customer buttons " time="0.082" />
  <testcase classname="Customer operations Test suite" name="To validate Customer accoutn page url" time="0.045" />
  <testcase classname="Customer operations Test suite" name="To validate Deposit operation" time="0.762" />
  <testcase classname="Customer operations Test suite" name="To validate Withdraw operation" time="0.556" />
  <testcase classname="Customer operations Test suite" name="To validate successful logout from application" time="0.2" />
 </testsuite>
 <testsuite name="Delete Customer Test Suite" timestamp="2018-11-09T18:12:32" hostname="localhost" time="2.112" errors="0" tests="8" skipped="0" disabled="0" failures="0">
  <testcase classname="Delete Customer Test Suite" name="To Validate title of homepage" time="0.043" />
  <testcase classname="Delete Customer Test Suite" name="To Validate Current URL of homepage" time="0.027" />
  <testcase classname="Delete Customer Test Suite" name="To validate page heading" time="0.191" />
  <testcase classname="Delete Customer Test Suite" name="To validate the prescence of Buttons on homepage" time="0.166" />
  <testcase classname="Delete Customer Test Suite" name="To validate navigation to manager details page" time="0.224" />
  <testcase classname="Delete Customer Test Suite" name="To validate navigation to manager login page" time="0.057" />
  <testcase classname="Delete Customer Test Suite" name="To validate clicking of Customers tab in manager login" time="0.159" />
  <testcase classname="Delete Customer Test Suite" name="To validate deletion operation of added customer" time="0.755" />
 </testsuite>
</testsuites>